This is pdfTeX, Version 3.141592653-2.6-1.40.24 (TeX Live 2022) (preloaded format=pdflatex 2022.7.25)  25 JUL 2022 23:19
entering extended mode
 restricted \write18 enabled.
 %&-line parsing enabled.
**main.tex
(./main.tex
LaTeX2e <2022-06-01> patch level 5
L3 programming layer <2022-07-15>
(d:/programs/texlive/2022/texmf-dist/tex/latex/base/report.cls
Document Class: report 2021/10/04 v1.4n Standard LaTeX document class
(d:/programs/texlive/2022/texmf-dist/tex/latex/base/size11.clo
File: size11.clo 2021/10/04 v1.4n Standard LaTeX file (size option)
)
\c@part=\count185
\c@chapter=\count186
\c@section=\count187
\c@subsection=\count188
\c@subsubsection=\count189
\c@paragraph=\count190
\c@subparagraph=\count191
\c@figure=\count192
\c@table=\count193
\abovecaptionskip=\skip47
\belowcaptionskip=\skip48
\bibindent=\dimen138
)
(d:/programs/texlive/2022/texmf-dist/tex/latex/base/inputenc.sty
Package: inputenc 2021/02/14 v1.3d Input encoding file
\inpenc@prehook=\toks16
\inpenc@posthook=\toks17
)
(d:/programs/texlive/2022/texmf-dist/tex/latex/base/fontenc.sty
Package: fontenc 2021/04/29 v2.0v Standard LaTeX package

(d:/programs/texlive/2022/texmf-dist/tex/latex/arabi/lfeenc.def
File: lfeenc.def 2006/01/01 v0.1 Local Farsi font encoding (test version: may c
hange)
Now handling font encoding LFE ...
... no UTF-8 mapping file for font encoding LFE
)
(d:/programs/texlive/2022/texmf-dist/tex/latex/arabi/laeenc.def
File: laeenc.def 2006/01/01 v0.1 Local Arabic font encoding (test version: may 
change)
Now handling font encoding LAE ...
... processing UTF-8 mapping file for font encoding LAE

(d:/programs/texlive/2022/texmf-dist/tex/latex/arabi/laeenc.dfu
File: laeenc.dfu 2006/01/01 v1.0 UTF-8 support for Arabic and Farsi for use wit
h inputenc
   defining Unicode char U+066A (decimal 1642)
   defining Unicode char U+060C (decimal 1548)
   defining Unicode char U+0660 (decimal 1632)
   defining Unicode char U+0661 (decimal 1633)
   defining Unicode char U+0662 (decimal 1634)
   defining Unicode char U+0663 (decimal 1635)
   defining Unicode char U+0664 (decimal 1636)
   defining Unicode char U+0665 (decimal 1637)
   defining Unicode char U+0666 (decimal 1638)
   defining Unicode char U+0667 (decimal 1639)
   defining Unicode char U+0668 (decimal 1640)
   defining Unicode char U+0669 (decimal 1641)
   defining Unicode char U+061B (decimal 1563)
   defining Unicode char U+061F (decimal 1567)
   defining Unicode char U+0621 (decimal 1569)
   defining Unicode char U+0622 (decimal 1570)
   defining Unicode char U+0623 (decimal 1571)
   defining Unicode char U+0624 (decimal 1572)
   defining Unicode char U+0625 (decimal 1573)
   defining Unicode char U+0626 (decimal 1574)
   defining Unicode char U+0627 (decimal 1575)
   defining Unicode char U+0628 (decimal 1576)
   defining Unicode char U+0629 (decimal 1577)
   defining Unicode char U+062A (decimal 1578)
   defining Unicode char U+062B (decimal 1579)
   defining Unicode char U+062C (decimal 1580)
   defining Unicode char U+062D (decimal 1581)
   defining Unicode char U+062E (decimal 1582)
   defining Unicode char U+062F (decimal 1583)
   defining Unicode char U+0630 (decimal 1584)
   defining Unicode char U+0631 (decimal 1585)
   defining Unicode char U+0632 (decimal 1586)
   defining Unicode char U+0633 (decimal 1587)
   defining Unicode char U+0634 (decimal 1588)
   defining Unicode char U+0635 (decimal 1589)
   defining Unicode char U+0636 (decimal 1590)
   defining Unicode char U+0637 (decimal 1591)
   defining Unicode char U+0638 (decimal 1592)
   defining Unicode char U+0639 (decimal 1593)
   defining Unicode char U+063A (decimal 1594)
   defining Unicode char U+0640 (decimal 1600)
   defining Unicode char U+0641 (decimal 1601)
   defining Unicode char U+0642 (decimal 1602)
   defining Unicode char U+0643 (decimal 1603)
   defining Unicode char U+0644 (decimal 1604)
   defining Unicode char U+0645 (decimal 1605)
   defining Unicode char U+0646 (decimal 1606)
   defining Unicode char U+0647 (decimal 1607)
   defining Unicode char U+0648 (decimal 1608)
   defining Unicode char U+0649 (decimal 1609)
   defining Unicode char U+064A (decimal 1610)
   defining Unicode char U+064B (decimal 1611)
   defining Unicode char U+064C (decimal 1612)
   defining Unicode char U+064D (decimal 1613)
   defining Unicode char U+064E (decimal 1614)
   defining Unicode char U+064F (decimal 1615)
   defining Unicode char U+0650 (decimal 1616)
   defining Unicode char U+0651 (decimal 1617)
   defining Unicode char U+0652 (decimal 1618)
   defining Unicode char U+067E (decimal 1662)
   defining Unicode char U+0686 (decimal 1670)
   defining Unicode char U+0698 (decimal 1688)
   defining Unicode char U+06A9 (decimal 1705)
   defining Unicode char U+06AF (decimal 1711)
   defining Unicode char U+06CC (decimal 1740)
   defining Unicode char U+06F0 (decimal 1776)
   defining Unicode char U+06F1 (decimal 1777)
   defining Unicode char U+06F2 (decimal 1778)
   defining Unicode char U+06F3 (decimal 1779)
   defining Unicode char U+06F4 (decimal 1780)
   defining Unicode char U+06F5 (decimal 1781)
   defining Unicode char U+06F6 (decimal 1782)
   defining Unicode char U+06F7 (decimal 1783)
   defining Unicode char U+06F8 (decimal 1784)
   defining Unicode char U+06F9 (decimal 1785)
   defining Unicode char U+200C (decimal 8204)
   defining Unicode char U+06D5 (decimal 1749)
)))
(d:/programs/texlive/2022/texmf-dist/tex/generic/babel/babel.sty
Package: babel 2022/07/20 3.78 The Babel package
\babel@savecnt=\count194
\U@D=\dimen139
\l@unhyphenated=\language87

(d:/programs/texlive/2022/texmf-dist/tex/generic/babel/txtbabel.def)
\bbl@readstream=\read2
\bbl@dirlevel=\count195
Package babel Info: Main language set with 'main='. Except if you have
(babel)             problems, prefer the default mechanism for setting
(babel)             the main language. Reported on input line 4324.

(d:/programs/texlive/2022/texmf-dist/tex/latex/arabi/arabic.ldf
File: arabic.ldf 
Language: arabic 2006/01/01 v0.1 Arabic support for the babel system

Loading the definitions for the LaTeX{} Arabic encoding
(d:/programs/texlive/2022/texmf-dist/tex/latex/arabi/laeenc.def
File: laeenc.def 2006/01/01 v0.1 Local Arabic font encoding (test version: may 
change)
LaTeX Font Info:    Redeclaring font encoding LAE on input line 27.
)
Loading the Common definitions for Arabic and Farsi
(d:/programs/texlive/2022/texmf-dist/tex/latex/arabi/arabicore.sty
  Arabi Core switching commands v1.0  2006/01/01   (may still change)  
\n@everypar=\toks18
\@Arabitempboxa=\box51
\llahheight=\skip49
\Decimalheight=\skip50
)
LaTeX Font Info:    Redeclaring font encoding LAE on input line 144.

Loading the Arabi fonts definitions for Arabic
(d:/programs/texlive/2022/texmf-dist/tex/latex/arabi/arabicfnt.sty
  Arabic font switching commands v1.0  2006/01/01   (may still change)  
LaTeX Info: Redefining \texttimes on input line 101.
LaTeX Info: Redefining \times on input line 102.
LaTeX Info: Redefining \omega on input line 137.
)
Loading the Common definitions for Arabic and Farsi
(d:/programs/texlive/2022/texmf-dist/tex/latex/arabi/arabnovowel.sty
File: arabnovowel.sty 2005/09/07 v0.1 Arabic dummy vowel slots when needed
\ArabiStruthightOFF=\skip51
\ArabiStrutdepthOFF=\skip52
\ArabiStruthightON=\skip53
\ArabiStrutdepthON=\skip54
LaTeX Font Info:    Trying to load font information for LAE+cmr on input line 1
33.

(d:/programs/texlive/2022/texmf-dist/tex/latex/arabi/laecmr.fd
File: laecmr.fd 2006/01/01 v0.1 LaTeX Arabic default font description (test ver
sion: may change)
)
LaTeX Font Info:    Font shape `LAE/cmr/m/n' will be
(Font)              scaled to size 13.68748pt on input line 133.
)
*************************************
* Local config file arabic.cfg used
*
(d:/programs/texlive/2022/texmf-dist/tex/latex/arabi/arabic.cfg))
(d:/programs/texlive/2022/texmf-dist/tex/generic/babel-english/english.ldf
Language: english 2017/06/06 v3.3r English support from the babel system
Package babel Info: Hyphen rules for 'canadian' set to \l@english
(babel)             (\language0). Reported on input line 102.
Package babel Info: Hyphen rules for 'australian' set to \l@ukenglish
(babel)             (\language21). Reported on input line 105.
Package babel Info: Hyphen rules for 'newzealand' set to \l@ukenglish
(babel)             (\language21). Reported on input line 108.
))
(d:/programs/texlive/2022/texmf-dist/tex/generic/babel/locale/en/babel-english.
tex
Package babel Info: Importing font and identification data for english
(babel)             from babel-en.ini. Reported on input line 11.
)
(d:/programs/texlive/2022/texmf-dist/tex/generic/babel/locale/ar/babel-arabic.t
ex
Package babel Info: Importing font and identification data for arabic
(babel)             from babel-ar.ini. Reported on input line 11.
)
(d:/programs/texlive/2022/texmf-dist/tex/latex/l3backend/l3backend-pdftex.def
File: l3backend-pdftex.def 2022-07-01 L3 backend support: PDF output (pdfTeX)
\l__color_backend_stack_int=\count196
\l__pdf_internal_box=\box52
)
(./main.aux)
\openout1 = `main.aux'.

LaTeX Font Info:    Checking defaults for OML/cmm/m/it on input line 12.
LaTeX Font Info:    ... okay on input line 12.
LaTeX Font Info:    Checking defaults for OMS/cmsy/m/n on input line 12.
LaTeX Font Info:    ... okay on input line 12.
LaTeX Font Info:    Checking defaults for OT1/cmr/m/n on input line 12.
LaTeX Font Info:    ... okay on input line 12.
LaTeX Font Info:    Checking defaults for T1/cmr/m/n on input line 12.
LaTeX Font Info:    ... okay on input line 12.
LaTeX Font Info:    Checking defaults for TS1/cmr/m/n on input line 12.
LaTeX Font Info:    ... okay on input line 12.
LaTeX Font Info:    Checking defaults for OMX/cmex/m/n on input line 12.
LaTeX Font Info:    ... okay on input line 12.
LaTeX Font Info:    Checking defaults for U/cmr/m/n on input line 12.
LaTeX Font Info:    ... okay on input line 12.
LaTeX Font Info:    Checking defaults for LFE/cmr/m/n on input line 12.
LaTeX Font Info:    Trying to load font information for LFE+cmr on input line 1
2.
 (d:/programs/texlive/2022/texmf-dist/tex/latex/arabi/lfecmr.fd
File: lfecmr.fd 2006/12/01 v0.1a LaTeX default Farsi font description (test ver
sion: may change)
)
LaTeX Font Info:    ... okay on input line 12.
LaTeX Font Info:    Checking defaults for LAE/cmr/m/n on input line 12.
LaTeX Font Info:    ... okay on input line 12.

(d:/programs/texlive/2022/texmf-dist/tex/latex/base/ifthen.sty
Package: ifthen 2022/04/13 v1.1d Standard LaTeX ifthen package (DPC)
)
LaTeX Font Info:    Font shape `LAE/cmr/m/n' will be
(Font)              scaled to size 21.59999pt on input line 14.
LaTeX Font Info:    Font shape `LAE/cmr/m/n' will be
(Font)              scaled to size 31.1pt on input line 14.
LaTeX Font Info:    Font shape `LAE/cmr/m/sc' will be
(Font)              scaled to size 31.1pt on input line 14.
LaTeX Font Info:    Font shape `LAE/cmr/m/n' will be
(Font)              scaled to size 15.0pt on input line 14.
LaTeX Font Info:    External font `cmex10' loaded for size
(Font)              <12> on input line 14.
LaTeX Font Info:    External font `cmex10' loaded for size
(Font)              <8> on input line 14.
LaTeX Font Info:    External font `cmex10' loaded for size
(Font)              <6> on input line 14.
 [1

{d:/programs/texlive/2022/texmf-var/fonts/map/pdftex/updmap/pdftex.map}] (./mai
n.toc
LaTeX Font Info:    Font shape `LAE/cmr/bx/n' in size <10.95> not available
(Font)              Font shape `LAE/cmr/b/n' tried instead on input line 7.
LaTeX Font Info:    Font shape `LAE/cmr/b/n' will be
(Font)              scaled to size 13.68748pt on input line 7.
LaTeX Font Info:    External font `cmex10' loaded for size
(Font)              <10.95> on input line 9.
)
\tf@toc=\write3
\openout3 = `main.toc'.


[1

]
\@arabic@R {\alef \lam \baa \alef \baa } 1.
LaTeX Font Info:    Font shape `LAE/cmr/m/n' will be
(Font)              scaled to size 25.925pt on input line 20.
LaTeX Font Info:    Font shape `LAE/cmr/bx/n' in size <20.74> not available
(Font)              Font shape `LAE/cmr/b/n' tried instead on input line 20.
LaTeX Font Info:    Font shape `LAE/cmr/b/n' will be
(Font)              scaled to size 25.925pt on input line 20.
LaTeX Font Info:    Font shape `LAE/cmr/bx/n' in size <24.88> not available
(Font)              Font shape `LAE/cmr/b/n' tried instead on input line 20.
LaTeX Font Info:    Font shape `LAE/cmr/b/n' will be
(Font)              scaled to size 31.1pt on input line 20.
LaTeX Font Info:    Font shape `LAE/cmr/m/n' will be
(Font)              scaled to size 17.99998pt on input line 21.
LaTeX Font Info:    Font shape `LAE/cmr/bx/n' in size <14.4> not available
(Font)              Font shape `LAE/cmr/b/n' tried instead on input line 21.
LaTeX Font Info:    Font shape `LAE/cmr/b/n' will be
(Font)              scaled to size 17.99998pt on input line 21.
[2

] (./main.aux) ) 
Here is how much of TeX's memory you used:
 2655 strings out of 478023
 40033 string characters out of 5838176
 350055 words of memory out of 5000000
 21107 multiletter control sequences out of 15000+600000
 525249 words of font info for 57 fonts, out of 8000000 for 9000
 1141 hyphenation exceptions out of 8191
 49i,6n,54p,287b,322s stack positions out of 10000i,1000n,20000p,200000b,200000s
{d:/programs/texlive/2022/texmf-dist/fonts/enc/dvips/cm-super/c
m-super-t1.enc}{d:/programs/texlive/2022/texmf-dist/fonts/enc/dvips/arabi/arara
beyes.enc}<d:/programs/texlive/2022/texmf-dist/fonts/type1/arabi/arabeyes/ae_al
mateen.pfb><d:/programs/texlive/2022/texmf-dist/fonts/type1/arabi/arabeyes/ae_a
lmohanad_bold.pfb><d:/programs/texlive/2022/texmf-dist/fonts/type1/arabi/arabey
es/ae_nada.pfb><d:/programs/texlive/2022/texmf-dist/fonts/type1/public/cm-super
/sfbx1095.pfb><d:/programs/texlive/2022/texmf-dist/fonts/type1/public/cm-super/
sfbx1440.pfb><d:/programs/texlive/2022/texmf-dist/fonts/type1/public/cm-super/s
fbx2488.pfb><d:/programs/texlive/2022/texmf-dist/fonts/type1/public/cm-super/sf
rm1095.pfb>
Output written on main.pdf (3 pages, 69717 bytes).
PDF statistics:
 51 PDF objects out of 1000 (max. 8388607)
 31 compressed objects within 1 object stream
 0 named destinations out of 1000 (max. 500000)
 1 words of extra memory for PDF output out of 10000 (max. 10000000)

